╔════╦═══╦══╦════╗ ╔═══╦══╦════╦══╦╗╔╗
╚═╗╔═╣╔══╣╔═╩═╗╔═╝ ║╔═╗║╔╗╠═╗╔═╣╔═╣║║║
──║║─║╚══╣╚═╗─║║   ║╚═╝║╚╝║─║║─║║─║╚╝║
──║║─║╔══╩═╗║─║║   ║╔══╣╔╗║─║║─║║─║╔╗║
──║║─║╚══╦═╝║─║║   ║║──║║║║─║║─║╚═╣║║║
──╚╝─╚═══╩══╝─╚╝   ╚╝──╚╝╚╝─╚╝─╚══╩╝╚╝
______________________________

Patch ver  DB User    Current Date         OS User         NLS Language         
---------- ---------- -------------------- --------------- ---------------      
DB Name         DB Version                                                      
--------------- ------------------------------                                  
4          SQLPLUS_DE 24.04.2020 00:49:50  azhukova        AMERICAN_AMERIC      
           V                                               A.AL32UTF8           
XE              Oracle Database 11g Express Ed                                  
                ition Release 11.2.0.2.0 - 64b                                  
                it Production                                                   
                                                                                
4          SQLPLUS_DE 24.04.2020 00:49:50  azhukova        AMERICAN_AMERIC      
           V                                               A.AL32UTF8           
XE              PL/SQL Release 11.2.0.2.0 - Pr                                  

Patch ver  DB User    Current Date         OS User         NLS Language         
---------- ---------- -------------------- --------------- ---------------      
DB Name         DB Version                                                      
--------------- ------------------------------                                  
                oduction                                                        
                                                                                
4          SQLPLUS_DE 24.04.2020 00:49:50  azhukova        AMERICAN_AMERIC      
           V                                               A.AL32UTF8           
XE              CORE	11.2.0.2.0	Production                                      
                                                                                
4          SQLPLUS_DE 24.04.2020 00:49:50  azhukova        AMERICAN_AMERIC      
           V                                               A.AL32UTF8           
XE              TNS for Linux: Version 11.2.0.                                  

Patch ver  DB User    Current Date         OS User         NLS Language         
---------- ---------- -------------------- --------------- ---------------      
DB Name         DB Version                                                      
--------------- ------------------------------                                  
                2.0 - Production                                                
                                                                                
4          SQLPLUS_DE 24.04.2020 00:49:50  azhukova        AMERICAN_AMERIC      
           V                                               A.AL32UTF8           
XE              NLSRTL Version 11.2.0.2.0 - Pr                                  
                oduction                                                        
                                                                                

______________________________
================
>>>> others/_before.sql

product_pk.sq

Sequence created.

>>>> tables/_tables.sql

product.tab

Table created.


Table altered.


Table altered.


Table altered.


Comment created.


Comment created.


Comment created.


Comment created.


Comment created.


Comment created.

>>>> packages/_packages.sql

product_api_pack.spc

Package created.

product_api_pack.bdy

Package body created.

>>>> triggers/_triggers.sql

product_apicheck.tgr

Trigger created.

>>>> tests/_tests.sql

test_product_api_pack.spc

Package created.

test_product_api_pack.bdy

Package body created.

call tests

COLUMN_VALUE                                                                    
--------------------------------------------------------------------------------
product                                                                         
  Test product_api_pack                                                         
    Успешное создание продукта [.017 sec]                                       
    Успешное обновление цены продукта [.008 sec]                                
    Обновление цены несуществующего продукта [.002 sec]                         
    Удаление существующего продукта [.005 sec]                                  
    Удаление несуществующего продукта [.002 sec]                                
                                                                                
Finished in .039541 seconds                                                     
5 tests, 0 failed, 0 errored, 0 disabled, 0 warning(s)                          
                                                                                

11 rows selected.

================

Patch was installed
